[debug] [2025-03-21T13:02:40.897Z] ----------------------------------------------------------------------
[debug] [2025-03-21T13:02:40.899Z] Command:       /usr/local/bin/node /usr/local/bin/firebase deploy --only functions:api
[debug] [2025-03-21T13:02:40.900Z] CLI Version:   13.34.0
[debug] [2025-03-21T13:02:40.900Z] Platform:      darwin
[debug] [2025-03-21T13:02:40.900Z] Node Version:  v22.14.0
[debug] [2025-03-21T13:02:40.900Z] Time:          Fri Mar 21 2025 09:02:40 GMT-0400 (Eastern Daylight Time)
[debug] [2025-03-21T13:02:40.900Z] ----------------------------------------------------------------------
[debug] 
[debug] [2025-03-21T13:02:41.041Z] Field "/functions" in "firebase.json" is possibly invalid: must be object
[debug] [2025-03-21T13:02:41.041Z] Object "/functions/0" in "firebase.json" has unknown property: {"additionalProperty":"Access-Control-Allow-Origin"}
[debug] [2025-03-21T13:02:41.041Z] Field "/functions" in "firebase.json" is possibly invalid: must match a schema in anyOf
[debug] [2025-03-21T13:02:41.045Z] > command requires scopes: ["email","openid","https://www.googleapis.com/auth/cloudplatformprojects.readonly","https://www.googleapis.com/auth/firebase","https://www.googleapis.com/auth/cloud-platform"]
[debug] [2025-03-21T13:02:41.045Z] > authorizing via signed-in user (james.distef@gmail.com)
[debug] [2025-03-21T13:02:41.045Z] [iam] checking project board-game-backend for permissions ["cloudfunctions.functions.create","cloudfunctions.functions.delete","cloudfunctions.functions.get","cloudfunctions.functions.list","cloudfunctions.functions.update","cloudfunctions.operations.get","firebase.projects.get"]
[debug] [2025-03-21T13:02:41.046Z] Checked if tokens are valid: true, expires at: 1742565144275
[debug] [2025-03-21T13:02:41.046Z] Checked if tokens are valid: true, expires at: 1742565144275
[debug] [2025-03-21T13:02:41.047Z] >>> [apiv2][query] POST https://cloudresourcemanager.googleapis.com/v1/projects/board-game-backend:testIamPermissions [none]
[debug] [2025-03-21T13:02:41.047Z] >>> [apiv2][(partial)header] POST https://cloudresourcemanager.googleapis.com/v1/projects/board-game-backend:testIamPermissions x-goog-quota-user=projects/board-game-backend
[debug] [2025-03-21T13:02:41.047Z] >>> [apiv2][body] POST https://cloudresourcemanager.googleapis.com/v1/projects/board-game-backend:testIamPermissions {"permissions":["cloudfunctions.functions.create","cloudfunctions.functions.delete","cloudfunctions.functions.get","cloudfunctions.functions.list","cloudfunctions.functions.update","cloudfunctions.operations.get","firebase.projects.get"]}
[debug] [2025-03-21T13:02:41.795Z] <<< [apiv2][status] POST https://cloudresourcemanager.googleapis.com/v1/projects/board-game-backend:testIamPermissions 200
[debug] [2025-03-21T13:02:41.795Z] <<< [apiv2][body] POST https://cloudresourcemanager.googleapis.com/v1/projects/board-game-backend:testIamPermissions {"permissions":["cloudfunctions.functions.create","cloudfunctions.functions.delete","cloudfunctions.functions.get","cloudfunctions.functions.list","cloudfunctions.functions.update","cloudfunctions.operations.get","firebase.projects.get"]}
[debug] [2025-03-21T13:02:41.795Z] Checked if tokens are valid: true, expires at: 1742565144275
[debug] [2025-03-21T13:02:41.796Z] Checked if tokens are valid: true, expires at: 1742565144275
[debug] [2025-03-21T13:02:41.796Z] >>> [apiv2][query] POST https://iam.googleapis.com/v1/projects/board-game-backend/serviceAccounts/board-game-backend@appspot.gserviceaccount.com:testIamPermissions [none]
[debug] [2025-03-21T13:02:41.796Z] >>> [apiv2][body] POST https://iam.googleapis.com/v1/projects/board-game-backend/serviceAccounts/board-game-backend@appspot.gserviceaccount.com:testIamPermissions {"permissions":["iam.serviceAccounts.actAs"]}
[debug] [2025-03-21T13:02:42.331Z] <<< [apiv2][status] POST https://iam.googleapis.com/v1/projects/board-game-backend/serviceAccounts/board-game-backend@appspot.gserviceaccount.com:testIamPermissions 200
[debug] [2025-03-21T13:02:42.331Z] <<< [apiv2][body] POST https://iam.googleapis.com/v1/projects/board-game-backend/serviceAccounts/board-game-backend@appspot.gserviceaccount.com:testIamPermissions {"permissions":["iam.serviceAccounts.actAs"]}
[info] 
[info] === Deploying to 'board-game-backend'...
[info] 
[info] i  deploying functions 
[debug] [2025-03-21T13:02:42.334Z] Checked if tokens are valid: true, expires at: 1742565144275
[debug] [2025-03-21T13:02:42.334Z] Checked if tokens are valid: true, expires at: 1742565144275
[debug] [2025-03-21T13:02:42.335Z] >>> [apiv2][query] GET https://cloudresourcemanager.googleapis.com/v1/projects/board-game-backend [none]
[debug] [2025-03-21T13:02:42.490Z] <<< [apiv2][status] GET https://cloudresourcemanager.googleapis.com/v1/projects/board-game-backend 200
[debug] [2025-03-21T13:02:42.490Z] <<< [apiv2][body] GET https://cloudresourcemanager.googleapis.com/v1/projects/board-game-backend {"projectNumber":"412384790369","projectId":"board-game-backend","lifecycleState":"ACTIVE","name":"board-game-backend","labels":{"firebase":"enabled","firebase-core":"disabled"},"createTime":"2025-03-20T17:35:08.556759Z"}
[info] i  functions: preparing codebase default for deployment 
[info] i  functions: ensuring required API cloudfunctions.googleapis.com is enabled... 
[debug] [2025-03-21T13:02:42.491Z] Checked if tokens are valid: true, expires at: 1742565144275
[debug] [2025-03-21T13:02:42.491Z] Checked if tokens are valid: true, expires at: 1742565144275
[debug] [2025-03-21T13:02:42.491Z] Checked if tokens are valid: true, expires at: 1742565144275
[debug] [2025-03-21T13:02:42.492Z] Checked if tokens are valid: true, expires at: 1742565144275
[info] i  functions: ensuring required API cloudbuild.googleapis.com is enabled... 
[debug] [2025-03-21T13:02:42.492Z] Checked if tokens are valid: true, expires at: 1742565144275
[debug] [2025-03-21T13:02:42.492Z] Checked if tokens are valid: true, expires at: 1742565144275
[info] i  artifactregistry: ensuring required API artifactregistry.googleapis.com is enabled... 
[debug] [2025-03-21T13:02:42.492Z] Checked if tokens are valid: true, expires at: 1742565144275
[debug] [2025-03-21T13:02:42.492Z] Checked if tokens are valid: true, expires at: 1742565144275
[debug] [2025-03-21T13:02:42.492Z] >>> [apiv2][query] GET https://serviceusage.googleapis.com/v1/projects/board-game-backend/services/cloudfunctions.googleapis.com [none]
[debug] [2025-03-21T13:02:42.492Z] >>> [apiv2][(partial)header] GET https://serviceusage.googleapis.com/v1/projects/board-game-backend/services/cloudfunctions.googleapis.com x-goog-quota-user=projects/board-game-backend
[debug] [2025-03-21T13:02:42.493Z] >>> [apiv2][query] GET https://serviceusage.googleapis.com/v1/projects/board-game-backend/services/runtimeconfig.googleapis.com [none]
[debug] [2025-03-21T13:02:42.493Z] >>> [apiv2][(partial)header] GET https://serviceusage.googleapis.com/v1/projects/board-game-backend/services/runtimeconfig.googleapis.com x-goog-quota-user=projects/board-game-backend
[debug] [2025-03-21T13:02:42.494Z] >>> [apiv2][query] GET https://serviceusage.googleapis.com/v1/projects/board-game-backend/services/cloudbuild.googleapis.com [none]
[debug] [2025-03-21T13:02:42.494Z] >>> [apiv2][(partial)header] GET https://serviceusage.googleapis.com/v1/projects/board-game-backend/services/cloudbuild.googleapis.com x-goog-quota-user=projects/board-game-backend
[debug] [2025-03-21T13:02:42.495Z] >>> [apiv2][query] GET https://serviceusage.googleapis.com/v1/projects/board-game-backend/services/artifactregistry.googleapis.com [none]
[debug] [2025-03-21T13:02:42.495Z] >>> [apiv2][(partial)header] GET https://serviceusage.googleapis.com/v1/projects/board-game-backend/services/artifactregistry.googleapis.com x-goog-quota-user=projects/board-game-backend
[debug] [2025-03-21T13:02:43.180Z] <<< [apiv2][status] GET https://serviceusage.googleapis.com/v1/projects/board-game-backend/services/runtimeconfig.googleapis.com 200
[debug] [2025-03-21T13:02:43.180Z] <<< [apiv2][body] GET https://serviceusage.googleapis.com/v1/projects/board-game-backend/services/runtimeconfig.googleapis.com [omitted]
[debug] [2025-03-21T13:02:43.181Z] <<< [apiv2][status] GET https://serviceusage.googleapis.com/v1/projects/board-game-backend/services/cloudfunctions.googleapis.com 200
[debug] [2025-03-21T13:02:43.181Z] <<< [apiv2][body] GET https://serviceusage.googleapis.com/v1/projects/board-game-backend/services/cloudfunctions.googleapis.com [omitted]
[info] ✔  functions: required API cloudfunctions.googleapis.com is enabled 
[debug] [2025-03-21T13:02:43.205Z] <<< [apiv2][status] GET https://serviceusage.googleapis.com/v1/projects/board-game-backend/services/cloudbuild.googleapis.com 200
[debug] [2025-03-21T13:02:43.205Z] <<< [apiv2][body] GET https://serviceusage.googleapis.com/v1/projects/board-game-backend/services/cloudbuild.googleapis.com [omitted]
[info] ✔  functions: required API cloudbuild.googleapis.com is enabled 
[debug] [2025-03-21T13:02:43.206Z] <<< [apiv2][status] GET https://serviceusage.googleapis.com/v1/projects/board-game-backend/services/artifactregistry.googleapis.com 200
[debug] [2025-03-21T13:02:43.206Z] <<< [apiv2][body] GET https://serviceusage.googleapis.com/v1/projects/board-game-backend/services/artifactregistry.googleapis.com [omitted]
[info] ✔  artifactregistry: required API artifactregistry.googleapis.com is enabled 
[debug] [2025-03-21T13:02:43.206Z] Checked if tokens are valid: true, expires at: 1742565144275
[debug] [2025-03-21T13:02:43.207Z] Checked if tokens are valid: true, expires at: 1742565144275
[debug] [2025-03-21T13:02:43.207Z] >>> [apiv2][query] GET https://firebase.googleapis.com/v1beta1/projects/board-game-backend/adminSdkConfig [none]
[debug] [2025-03-21T13:02:44.275Z] <<< [apiv2][status] GET https://firebase.googleapis.com/v1beta1/projects/board-game-backend/adminSdkConfig 200
[debug] [2025-03-21T13:02:44.275Z] <<< [apiv2][body] GET https://firebase.googleapis.com/v1beta1/projects/board-game-backend/adminSdkConfig {"projectId":"board-game-backend","storageBucket":"board-game-backend.firebasestorage.app"}
[debug] [2025-03-21T13:02:44.276Z] Checked if tokens are valid: true, expires at: 1742565144275
[debug] [2025-03-21T13:02:44.276Z] Checked if tokens are valid: true, expires at: 1742565144275
[debug] [2025-03-21T13:02:44.276Z] >>> [apiv2][query] GET https://runtimeconfig.googleapis.com/v1beta1/projects/board-game-backend/configs [none]
[debug] [2025-03-21T13:02:45.352Z] <<< [apiv2][status] GET https://runtimeconfig.googleapis.com/v1beta1/projects/board-game-backend/configs 200
[debug] [2025-03-21T13:02:45.352Z] <<< [apiv2][body] GET https://runtimeconfig.googleapis.com/v1beta1/projects/board-game-backend/configs {}
[debug] [2025-03-21T13:02:45.354Z] Validating nodejs source
[warn] ⚠  functions: package.json indicates an outdated version of firebase-functions. Please upgrade using npm install --save firebase-functions@latest in your functions directory. 
[warn] ⚠  functions: Please note that there will be breaking changes when you upgrade. 
[debug] [2025-03-21T13:02:46.353Z] > [functions] package.json contents: {
  "name": "board-games-service",
  "version": "1.0.0",
  "main": "server.js",
  "scripts": {
    "dev": "nodemon server.js",
    "deploy": "firebase deploy --only functions:api"
  },
  "author": "",
  "license": "ISC",
  "description": "",
  "dependencies": {
    "cors": "^2.8.5",
    "express": "^4.19.2",
    "firebase-admin": "^12.4.0",
    "firebase-functions": "^5.1.0",
    "mongoose": "^8.5.2"
  },
  "devDependencies": {
    "dotenv": "^16.4.5",
    "nodemon": "^3.1.4"
  },
  "engines": {
    "node": "22"
  }
}
[debug] [2025-03-21T13:02:46.353Z] Building nodejs source
[info] i  functions: Loading and analyzing source code for codebase default to determine what to deploy 
[debug] [2025-03-21T13:02:46.354Z] Could not find functions.yaml. Must use http discovery
[debug] [2025-03-21T13:02:46.360Z] Found firebase-functions binary at '/Users/jamesdistefano/board-games-service/node_modules/.bin/firebase-functions'
[info] Serving at port 8366

[info] Server started

[debug] [2025-03-21T13:02:46.779Z] Got response from /__/functions.yaml {"endpoints":{"api":{"platform":"gcfv1","availableMemoryMb":null,"timeoutSeconds":null,"minInstances":null,"maxInstances":null,"ingressSettings":null,"serviceAccountEmail":null,"vpc":null,"httpsTrigger":{},"entryPoint":"api"}},"specVersion":"v1alpha1","requiredAPIs":[],"extensions":{}}
[info] connected to database

[info] i  extensions: ensuring required API firebaseextensions.googleapis.com is enabled... 
[debug] [2025-03-21T13:02:56.798Z] Checked if tokens are valid: true, expires at: 1742565144275
[debug] [2025-03-21T13:02:56.798Z] Checked if tokens are valid: true, expires at: 1742565144275
[debug] [2025-03-21T13:02:56.799Z] >>> [apiv2][query] GET https://serviceusage.googleapis.com/v1/projects/board-game-backend/services/firebaseextensions.googleapis.com [none]
[debug] [2025-03-21T13:02:56.799Z] >>> [apiv2][(partial)header] GET https://serviceusage.googleapis.com/v1/projects/board-game-backend/services/firebaseextensions.googleapis.com x-goog-quota-user=projects/board-game-backend
[debug] [2025-03-21T13:02:57.510Z] <<< [apiv2][status] GET https://serviceusage.googleapis.com/v1/projects/board-game-backend/services/firebaseextensions.googleapis.com 200
[debug] [2025-03-21T13:02:57.511Z] <<< [apiv2][body] GET https://serviceusage.googleapis.com/v1/projects/board-game-backend/services/firebaseextensions.googleapis.com [omitted]
[info] ✔  extensions: required API firebaseextensions.googleapis.com is enabled 
[debug] [2025-03-21T13:02:57.511Z] > command requires scopes: ["email","openid","https://www.googleapis.com/auth/cloudplatformprojects.readonly","https://www.googleapis.com/auth/firebase","https://www.googleapis.com/auth/cloud-platform"]
[debug] [2025-03-21T13:02:57.511Z] > authorizing via signed-in user (james.distef@gmail.com)
[debug] [2025-03-21T13:02:57.511Z] [iam] checking project board-game-backend for permissions ["firebase.projects.get","firebaseextensions.instances.list"]
[debug] [2025-03-21T13:02:57.511Z] Checked if tokens are valid: true, expires at: 1742565144275
[debug] [2025-03-21T13:02:57.511Z] Checked if tokens are valid: true, expires at: 1742565144275
[debug] [2025-03-21T13:02:57.512Z] >>> [apiv2][query] POST https://cloudresourcemanager.googleapis.com/v1/projects/board-game-backend:testIamPermissions [none]
[debug] [2025-03-21T13:02:57.512Z] >>> [apiv2][(partial)header] POST https://cloudresourcemanager.googleapis.com/v1/projects/board-game-backend:testIamPermissions x-goog-quota-user=projects/board-game-backend
[debug] [2025-03-21T13:02:57.512Z] >>> [apiv2][body] POST https://cloudresourcemanager.googleapis.com/v1/projects/board-game-backend:testIamPermissions {"permissions":["firebase.projects.get","firebaseextensions.instances.list"]}
[debug] [2025-03-21T13:02:58.007Z] <<< [apiv2][status] POST https://cloudresourcemanager.googleapis.com/v1/projects/board-game-backend:testIamPermissions 200
[debug] [2025-03-21T13:02:58.007Z] <<< [apiv2][body] POST https://cloudresourcemanager.googleapis.com/v1/projects/board-game-backend:testIamPermissions {"permissions":["firebase.projects.get","firebaseextensions.instances.list"]}
[debug] [2025-03-21T13:02:58.007Z] Checked if tokens are valid: true, expires at: 1742565144275
[debug] [2025-03-21T13:02:58.007Z] Checked if tokens are valid: true, expires at: 1742565144275
[debug] [2025-03-21T13:02:58.008Z] >>> [apiv2][query] GET https://firebaseextensions.googleapis.com/v1beta/projects/board-game-backend/instances pageSize=100&pageToken=
[debug] [2025-03-21T13:02:58.791Z] <<< [apiv2][status] GET https://firebaseextensions.googleapis.com/v1beta/projects/board-game-backend/instances 200
[debug] [2025-03-21T13:02:58.791Z] <<< [apiv2][body] GET https://firebaseextensions.googleapis.com/v1beta/projects/board-game-backend/instances {}
[info] i  functions: Loaded environment variables from .env. 
[info] i  functions: preparing . directory for uploading... 
[info] i  functions: packaged /Users/jamesdistefano/board-games-service (41.61 KB) for uploading 
[debug] [2025-03-21T13:02:58.843Z] Checked if tokens are valid: true, expires at: 1742565144275
[debug] [2025-03-21T13:02:58.843Z] Checked if tokens are valid: true, expires at: 1742565144275
[debug] [2025-03-21T13:02:58.843Z] >>> [apiv2][query] GET https://cloudfunctions.googleapis.com/v1/projects/board-game-backend/locations/-/functions [none]
[debug] [2025-03-21T13:02:59.670Z] <<< [apiv2][status] GET https://cloudfunctions.googleapis.com/v1/projects/board-game-backend/locations/-/functions 200
[debug] [2025-03-21T13:02:59.670Z] <<< [apiv2][body] GET https://cloudfunctions.googleapis.com/v1/projects/board-game-backend/locations/-/functions {"functions":[{"name":"projects/board-game-backend/locations/us-central1/functions/api","httpsTrigger":{"url":"https://us-central1-board-game-backend.cloudfunctions.net/api","securityLevel":"SECURE_ALWAYS"},"status":"ACTIVE","entryPoint":"api","timeout":"60s","availableMemoryMb":256,"serviceAccountEmail":"board-game-backend@appspot.gserviceaccount.com","updateTime":"2025-03-21T12:54:58.128Z","versionId":"11","labels":{"deployment-tool":"cli-firebase","firebase-functions-hash":"4e475e0070f9bc002cb97f467410b8a518d33c09"},"sourceUploadUrl":"https://storage.googleapis.com/uploads-261802401513.us-central1.cloudfunctions.appspot.com/544130e2-38fd-4321-a90b-171bdf6eb46e.zip","environmentVariables":{"DATA_URL":"mongodb+srv://james10:james10@cluster0.wvybl.mongodb.net/","FIREBASE_CONFIG":"{\"projectId\":\"board-game-backend\",\"storageBucket\":\"board-game-backend.firebasestorage.app\"}","GCLOUD_PROJECT":"board-game-backend","EVENTARC_CLOUD_EVENT_SOURCE":"projects/board-game-backend/locations/us-central1/functions/api"},"runtime":"nodejs22","ingressSettings":"ALLOW_ALL","buildId":"f58fb37e-13a1-445f-ad64-dbb9ab3e9551","buildEnvironmentVariables":{"GOOGLE_NODE_RUN_SCRIPTS":""},"buildName":"projects/412384790369/locations/us-central1/builds/f58fb37e-13a1-445f-ad64-dbb9ab3e9551","dockerRegistry":"ARTIFACT_REGISTRY","automaticUpdatePolicy":{},"buildServiceAccount":"projects/board-game-backend/serviceAccounts/412384790369-compute@developer.gserviceaccount.com"}]}
[debug] [2025-03-21T13:02:59.671Z] Checked if tokens are valid: true, expires at: 1742565144275
[debug] [2025-03-21T13:02:59.671Z] Checked if tokens are valid: true, expires at: 1742565144275
[debug] [2025-03-21T13:02:59.671Z] >>> [apiv2][query] GET https://cloudfunctions.googleapis.com/v2/projects/board-game-backend/locations/-/functions filter=environment%3D%22GEN_2%22
[debug] [2025-03-21T13:03:00.212Z] <<< [apiv2][status] GET https://cloudfunctions.googleapis.com/v2/projects/board-game-backend/locations/-/functions 200
[debug] [2025-03-21T13:03:00.213Z] <<< [apiv2][body] GET https://cloudfunctions.googleapis.com/v2/projects/board-game-backend/locations/-/functions {}
[debug] [2025-03-21T13:03:00.217Z] Checked if tokens are valid: true, expires at: 1742565144275
[debug] [2025-03-21T13:03:00.217Z] Checked if tokens are valid: true, expires at: 1742565144275
[debug] [2025-03-21T13:03:00.217Z] >>> [apiv2][query] GET https://cloudresourcemanager.googleapis.com/v1/projects/board-game-backend [none]
[debug] [2025-03-21T13:03:00.453Z] <<< [apiv2][status] GET https://cloudresourcemanager.googleapis.com/v1/projects/board-game-backend 200
[debug] [2025-03-21T13:03:00.454Z] <<< [apiv2][body] GET https://cloudresourcemanager.googleapis.com/v1/projects/board-game-backend {"projectNumber":"412384790369","projectId":"board-game-backend","lifecycleState":"ACTIVE","name":"board-game-backend","labels":{"firebase":"enabled","firebase-core":"disabled"},"createTime":"2025-03-20T17:35:08.556759Z"}
[debug] [2025-03-21T13:03:00.455Z] Checked if tokens are valid: true, expires at: 1742565144275
[debug] [2025-03-21T13:03:00.455Z] Checked if tokens are valid: true, expires at: 1742565144275
[debug] [2025-03-21T13:03:00.455Z] >>> [apiv2][query] GET https://cloudbilling.googleapis.com/v1/projects/board-game-backend/billingInfo [none]
[debug] [2025-03-21T13:03:01.081Z] <<< [apiv2][status] GET https://cloudbilling.googleapis.com/v1/projects/board-game-backend/billingInfo 200
[debug] [2025-03-21T13:03:01.081Z] <<< [apiv2][body] GET https://cloudbilling.googleapis.com/v1/projects/board-game-backend/billingInfo {"name":"projects/board-game-backend/billingInfo","projectId":"board-game-backend","billingAccountName":"billingAccounts/01710A-8E6C0D-FCF31F","billingEnabled":true}
[debug] [2025-03-21T13:03:01.083Z] Checked if tokens are valid: true, expires at: 1742565144275
[debug] [2025-03-21T13:03:01.083Z] Checked if tokens are valid: true, expires at: 1742565144275
[debug] [2025-03-21T13:03:01.083Z] >>> [apiv2][query] POST https://cloudfunctions.googleapis.com/v1/projects/board-game-backend/locations/us-central1/functions:generateUploadUrl [none]
[debug] [2025-03-21T13:03:01.083Z] >>> [apiv2][body] POST https://cloudfunctions.googleapis.com/v1/projects/board-game-backend/locations/us-central1/functions:generateUploadUrl {}
[debug] [2025-03-21T13:03:01.786Z] <<< [apiv2][status] POST https://cloudfunctions.googleapis.com/v1/projects/board-game-backend/locations/us-central1/functions:generateUploadUrl 200
[debug] [2025-03-21T13:03:01.786Z] <<< [apiv2][body] POST https://cloudfunctions.googleapis.com/v1/projects/board-game-backend/locations/us-central1/functions:generateUploadUrl {"uploadUrl":"https://storage.googleapis.com/uploads-261802401513.us-central1.cloudfunctions.appspot.com/e3c51180-dc7c-414d-8b1a-18daacc0e3a3.zip?GoogleAccessId=service-412384790369@gcf-admin-robot.iam.gserviceaccount.com&Expires=1742563981&Signature=N1XhefVC3R%2FNm4VaPDhnX%2BS6cGH11xY92TfCdpO4cLWhm26rXiu9A0fLZPKNcQWP%2FQ2dLAbnArtEFOrtRWEN6F7egmgiiP0bFWVHzUG9mPq9VZdx%2BQmSGs69MqX3%2FMHLARleJBbd24KZIULu6C4Nz9zhwgcOOThcflEjekMgvKaGMgT95OZZVZETu5YrBX9w8jmHUiRtl7%2FxbstogWhLMPGuR7FV5Fi9jcWFaeXwoSI52cTg6SH6K5MKtpdh0K4C34Q8lehXwfkwIFqYk4wpPpwGcrVSzM5G8njLS%2Fd2JlgNQyjWTYZ0eZUifiRnmq7I7gNwDM%2Bld2HYSHcUCa1%2Bkg%3D%3D"}
[debug] [2025-03-21T13:03:01.787Z] >>> [apiv2][query] PUT https://storage.googleapis.com/uploads-261802401513.us-central1.cloudfunctions.appspot.com/e3c51180-dc7c-414d-8b1a-18daacc0e3a3.zip GoogleAccessId=service-412384790369%40gcf-admin-robot.iam.gserviceaccount.com&Expires=1742563981&Signature=N1XhefVC3R%2FNm4VaPDhnX%2BS6cGH11xY92TfCdpO4cLWhm26rXiu9A0fLZPKNcQWP%2FQ2dLAbnArtEFOrtRWEN6F7egmgiiP0bFWVHzUG9mPq9VZdx%2BQmSGs69MqX3%2FMHLARleJBbd24KZIULu6C4Nz9zhwgcOOThcflEjekMgvKaGMgT95OZZVZETu5YrBX9w8jmHUiRtl7%2FxbstogWhLMPGuR7FV5Fi9jcWFaeXwoSI52cTg6SH6K5MKtpdh0K4C34Q8lehXwfkwIFqYk4wpPpwGcrVSzM5G8njLS%2Fd2JlgNQyjWTYZ0eZUifiRnmq7I7gNwDM%2Bld2HYSHcUCa1%2Bkg%3D%3D
[debug] [2025-03-21T13:03:01.787Z] >>> [apiv2][body] PUT https://storage.googleapis.com/uploads-261802401513.us-central1.cloudfunctions.appspot.com/e3c51180-dc7c-414d-8b1a-18daacc0e3a3.zip [stream]
[debug] [2025-03-21T13:03:02.467Z] <<< [apiv2][status] PUT https://storage.googleapis.com/uploads-261802401513.us-central1.cloudfunctions.appspot.com/e3c51180-dc7c-414d-8b1a-18daacc0e3a3.zip 200
[debug] [2025-03-21T13:03:02.467Z] <<< [apiv2][body] PUT https://storage.googleapis.com/uploads-261802401513.us-central1.cloudfunctions.appspot.com/e3c51180-dc7c-414d-8b1a-18daacc0e3a3.zip [omitted]
[info] ✔  functions: . folder uploaded successfully 
[info] i  functions: updating Node.js 22 (1st Gen) function api(us-central1)... 
[debug] [2025-03-21T13:03:02.473Z] Checked if tokens are valid: true, expires at: 1742565144275
[debug] [2025-03-21T13:03:02.473Z] Checked if tokens are valid: true, expires at: 1742565144275
[debug] [2025-03-21T13:03:02.473Z] >>> [apiv2][query] PATCH https://cloudfunctions.googleapis.com/v1/projects/board-game-backend/locations/us-central1/functions/api updateMask=name%2CsourceUploadUrl%2CentryPoint%2Cruntime%2CdockerRegistry%2Clabels%2ChttpsTrigger.securityLevel%2CminInstances%2CmaxInstances%2CingressSettings%2CenvironmentVariables%2CserviceAccountEmail%2CavailableMemoryMb%2Ctimeout%2CvpcConnector%2CvpcConnectorEgressSettings%2CsourceToken%2CbuildEnvironmentVariables
[debug] [2025-03-21T13:03:02.473Z] >>> [apiv2][body] PATCH https://cloudfunctions.googleapis.com/v1/projects/board-game-backend/locations/us-central1/functions/api {"name":"projects/board-game-backend/locations/us-central1/functions/api","sourceUploadUrl":"https://storage.googleapis.com/uploads-261802401513.us-central1.cloudfunctions.appspot.com/e3c51180-dc7c-414d-8b1a-18daacc0e3a3.zip?GoogleAccessId=service-412384790369@gcf-admin-robot.iam.gserviceaccount.com&Expires=1742563981&Signature=N1XhefVC3R%2FNm4VaPDhnX%2BS6cGH11xY92TfCdpO4cLWhm26rXiu9A0fLZPKNcQWP%2FQ2dLAbnArtEFOrtRWEN6F7egmgiiP0bFWVHzUG9mPq9VZdx%2BQmSGs69MqX3%2FMHLARleJBbd24KZIULu6C4Nz9zhwgcOOThcflEjekMgvKaGMgT95OZZVZETu5YrBX9w8jmHUiRtl7%2FxbstogWhLMPGuR7FV5Fi9jcWFaeXwoSI52cTg6SH6K5MKtpdh0K4C34Q8lehXwfkwIFqYk4wpPpwGcrVSzM5G8njLS%2Fd2JlgNQyjWTYZ0eZUifiRnmq7I7gNwDM%2Bld2HYSHcUCa1%2Bkg%3D%3D","entryPoint":"api","runtime":"nodejs22","dockerRegistry":"ARTIFACT_REGISTRY","labels":{"deployment-tool":"cli-firebase","firebase-functions-hash":"59bf22131c532db9b9e4fa4f28dd622cfb6b2474"},"httpsTrigger":{"securityLevel":"SECURE_ALWAYS"},"minInstances":null,"maxInstances":null,"ingressSettings":null,"environmentVariables":{"DATA_URL":"mongodb+srv://james10:james10@cluster0.wvybl.mongodb.net/","FIREBASE_CONFIG":"{\"projectId\":\"board-game-backend\",\"storageBucket\":\"board-game-backend.firebasestorage.app\"}","GCLOUD_PROJECT":"board-game-backend","EVENTARC_CLOUD_EVENT_SOURCE":"projects/board-game-backend/locations/us-central1/functions/api"},"serviceAccountEmail":null,"availableMemoryMb":null,"timeout":null,"vpcConnector":null,"vpcConnectorEgressSettings":null,"buildEnvironmentVariables":{"GOOGLE_NODE_RUN_SCRIPTS":""}}
[debug] [2025-03-21T13:03:03.113Z] <<< [apiv2][status] PATCH https://cloudfunctions.googleapis.com/v1/projects/board-game-backend/locations/us-central1/functions/api 200
[debug] [2025-03-21T13:03:03.114Z] <<< [apiv2][body] PATCH https://cloudfunctions.googleapis.com/v1/projects/board-game-backend/locations/us-central1/functions/api {"name":"operations/Ym9hcmQtZ2FtZS1iYWNrZW5kL3VzLWNlbnRyYWwxL2FwaS8taWJBZjREdDRtdw","metadata":{"@type":"type.googleapis.com/google.cloud.functions.v1.OperationMetadataV1","target":"projects/board-game-backend/locations/us-central1/functions/api","type":"UPDATE_FUNCTION","request":{"@type":"type.googleapis.com/google.cloud.functions.v1.CloudFunction","name":"projects/board-game-backend/locations/us-central1/functions/api","httpsTrigger":{"url":"https://us-central1-board-game-backend.cloudfunctions.net/api","securityLevel":"SECURE_ALWAYS"},"status":"ACTIVE","entryPoint":"api","updateTime":"2025-03-21T12:54:58.128Z","versionId":"11","labels":{"deployment-tool":"cli-firebase","firebase-functions-hash":"59bf22131c532db9b9e4fa4f28dd622cfb6b2474"},"sourceUploadUrl":"https://storage.googleapis.com/uploads-261802401513.us-central1.cloudfunctions.appspot.com/e3c51180-dc7c-414d-8b1a-18daacc0e3a3.zip?GoogleAccessId=service-412384790369@gcf-admin-robot.iam.gserviceaccount.com&Expires=1742563981&Signature=N1XhefVC3R%2FNm4VaPDhnX%2BS6cGH11xY92TfCdpO4cLWhm26rXiu9A0fLZPKNcQWP%2FQ2dLAbnArtEFOrtRWEN6F7egmgiiP0bFWVHzUG9mPq9VZdx%2BQmSGs69MqX3%2FMHLARleJBbd24KZIULu6C4Nz9zhwgcOOThcflEjekMgvKaGMgT95OZZVZETu5YrBX9w8jmHUiRtl7%2FxbstogWhLMPGuR7FV5Fi9jcWFaeXwoSI52cTg6SH6K5MKtpdh0K4C34Q8lehXwfkwIFqYk4wpPpwGcrVSzM5G8njLS%2Fd2JlgNQyjWTYZ0eZUifiRnmq7I7gNwDM%2Bld2HYSHcUCa1%2Bkg%3D%3D","environmentVariables":{"DATA_URL":"mongodb+srv://james10:james10@cluster0.wvybl.mongodb.net/","FIREBASE_CONFIG":"{\"projectId\":\"board-game-backend\",\"storageBucket\":\"board-game-backend.firebasestorage.app\"}","GCLOUD_PROJECT":"board-game-backend","EVENTARC_CLOUD_EVENT_SOURCE":"projects/board-game-backend/locations/us-central1/functions/api"},"runtime":"nodejs22","buildId":"f58fb37e-13a1-445f-ad64-dbb9ab3e9551","buildEnvironmentVariables":{"GOOGLE_NODE_RUN_SCRIPTS":""},"buildName":"projects/412384790369/locations/us-central1/builds/f58fb37e-13a1-445f-ad64-dbb9ab3e9551","dockerRegistry":"ARTIFACT_REGISTRY","automaticUpdatePolicy":{},"buildServiceAccount":"projects/board-game-backend/serviceAccounts/412384790369-compute@developer.gserviceaccount.com"},"versionId":"12","updateTime":"2025-03-21T13:03:03Z"}}
[debug] [2025-03-21T13:03:03.114Z] Checked if tokens are valid: true, expires at: 1742565144275
[debug] [2025-03-21T13:03:03.114Z] Checked if tokens are valid: true, expires at: 1742565144275
[debug] [2025-03-21T13:03:03.115Z] >>> [apiv2][query] GET https://cloudfunctions.googleapis.com/v1/operations/Ym9hcmQtZ2FtZS1iYWNrZW5kL3VzLWNlbnRyYWwxL2FwaS8taWJBZjREdDRtdw [none]
[debug] [2025-03-21T13:03:03.304Z] <<< [apiv2][status] GET https://cloudfunctions.googleapis.com/v1/operations/Ym9hcmQtZ2FtZS1iYWNrZW5kL3VzLWNlbnRyYWwxL2FwaS8taWJBZjREdDRtdw 200
[debug] [2025-03-21T13:03:03.304Z] <<< [apiv2][body] GET https://cloudfunctions.googleapis.com/v1/operations/Ym9hcmQtZ2FtZS1iYWNrZW5kL3VzLWNlbnRyYWwxL2FwaS8taWJBZjREdDRtdw {"name":"operations/Ym9hcmQtZ2FtZS1iYWNrZW5kL3VzLWNlbnRyYWwxL2FwaS8taWJBZjREdDRtdw","metadata":{"@type":"type.googleapis.com/google.cloud.functions.v1.OperationMetadataV1","target":"projects/board-game-backend/locations/us-central1/functions/api","type":"UPDATE_FUNCTION","request":{"@type":"type.googleapis.com/google.cloud.functions.v1.CloudFunction","name":"projects/board-game-backend/locations/us-central1/functions/api","httpsTrigger":{"url":"https://us-central1-board-game-backend.cloudfunctions.net/api","securityLevel":"SECURE_ALWAYS"},"status":"ACTIVE","entryPoint":"api","updateTime":"2025-03-21T12:54:58.128Z","versionId":"11","labels":{"deployment-tool":"cli-firebase","firebase-functions-hash":"59bf22131c532db9b9e4fa4f28dd622cfb6b2474"},"sourceUploadUrl":"https://storage.googleapis.com/uploads-261802401513.us-central1.cloudfunctions.appspot.com/e3c51180-dc7c-414d-8b1a-18daacc0e3a3.zip?GoogleAccessId=service-412384790369@gcf-admin-robot.iam.gserviceaccount.com&Expires=1742563981&Signature=N1XhefVC3R%2FNm4VaPDhnX%2BS6cGH11xY92TfCdpO4cLWhm26rXiu9A0fLZPKNcQWP%2FQ2dLAbnArtEFOrtRWEN6F7egmgiiP0bFWVHzUG9mPq9VZdx%2BQmSGs69MqX3%2FMHLARleJBbd24KZIULu6C4Nz9zhwgcOOThcflEjekMgvKaGMgT95OZZVZETu5YrBX9w8jmHUiRtl7%2FxbstogWhLMPGuR7FV5Fi9jcWFaeXwoSI52cTg6SH6K5MKtpdh0K4C34Q8lehXwfkwIFqYk4wpPpwGcrVSzM5G8njLS%2Fd2JlgNQyjWTYZ0eZUifiRnmq7I7gNwDM%2Bld2HYSHcUCa1%2Bkg%3D%3D","environmentVariables":{"DATA_URL":"mongodb+srv://james10:james10@cluster0.wvybl.mongodb.net/","FIREBASE_CONFIG":"{\"projectId\":\"board-game-backend\",\"storageBucket\":\"board-game-backend.firebasestorage.app\"}","GCLOUD_PROJECT":"board-game-backend","EVENTARC_CLOUD_EVENT_SOURCE":"projects/board-game-backend/locations/us-central1/functions/api"},"runtime":"nodejs22","buildId":"f58fb37e-13a1-445f-ad64-dbb9ab3e9551","buildEnvironmentVariables":{"GOOGLE_NODE_RUN_SCRIPTS":""},"buildName":"projects/412384790369/locations/us-central1/builds/f58fb37e-13a1-445f-ad64-dbb9ab3e9551","dockerRegistry":"ARTIFACT_REGISTRY","automaticUpdatePolicy":{},"buildServiceAccount":"projects/board-game-backend/serviceAccounts/412384790369-compute@developer.gserviceaccount.com"},"versionId":"12","updateTime":"2025-03-21T13:03:03Z"}}
[debug] [2025-03-21T13:03:03.806Z] [update-default-us-central1-api] Retrying task index 0
[debug] [2025-03-21T13:03:03.806Z] Checked if tokens are valid: true, expires at: 1742565144275
[debug] [2025-03-21T13:03:03.806Z] Checked if tokens are valid: true, expires at: 1742565144275
[debug] [2025-03-21T13:03:03.806Z] >>> [apiv2][query] GET https://cloudfunctions.googleapis.com/v1/operations/Ym9hcmQtZ2FtZS1iYWNrZW5kL3VzLWNlbnRyYWwxL2FwaS8taWJBZjREdDRtdw [none]
[debug] [2025-03-21T13:03:03.986Z] <<< [apiv2][status] GET https://cloudfunctions.googleapis.com/v1/operations/Ym9hcmQtZ2FtZS1iYWNrZW5kL3VzLWNlbnRyYWwxL2FwaS8taWJBZjREdDRtdw 200
[debug] [2025-03-21T13:03:03.986Z] <<< [apiv2][body] GET https://cloudfunctions.googleapis.com/v1/operations/Ym9hcmQtZ2FtZS1iYWNrZW5kL3VzLWNlbnRyYWwxL2FwaS8taWJBZjREdDRtdw {"name":"operations/Ym9hcmQtZ2FtZS1iYWNrZW5kL3VzLWNlbnRyYWwxL2FwaS8taWJBZjREdDRtdw","metadata":{"@type":"type.googleapis.com/google.cloud.functions.v1.OperationMetadataV1","target":"projects/board-game-backend/locations/us-central1/functions/api","type":"UPDATE_FUNCTION","request":{"@type":"type.googleapis.com/google.cloud.functions.v1.CloudFunction","name":"projects/board-game-backend/locations/us-central1/functions/api","httpsTrigger":{"url":"https://us-central1-board-game-backend.cloudfunctions.net/api","securityLevel":"SECURE_ALWAYS"},"status":"ACTIVE","entryPoint":"api","updateTime":"2025-03-21T12:54:58.128Z","versionId":"11","labels":{"deployment-tool":"cli-firebase","firebase-functions-hash":"59bf22131c532db9b9e4fa4f28dd622cfb6b2474"},"sourceUploadUrl":"https://storage.googleapis.com/uploads-261802401513.us-central1.cloudfunctions.appspot.com/e3c51180-dc7c-414d-8b1a-18daacc0e3a3.zip?GoogleAccessId=service-412384790369@gcf-admin-robot.iam.gserviceaccount.com&Expires=1742563981&Signature=N1XhefVC3R%2FNm4VaPDhnX%2BS6cGH11xY92TfCdpO4cLWhm26rXiu9A0fLZPKNcQWP%2FQ2dLAbnArtEFOrtRWEN6F7egmgiiP0bFWVHzUG9mPq9VZdx%2BQmSGs69MqX3%2FMHLARleJBbd24KZIULu6C4Nz9zhwgcOOThcflEjekMgvKaGMgT95OZZVZETu5YrBX9w8jmHUiRtl7%2FxbstogWhLMPGuR7FV5Fi9jcWFaeXwoSI52cTg6SH6K5MKtpdh0K4C34Q8lehXwfkwIFqYk4wpPpwGcrVSzM5G8njLS%2Fd2JlgNQyjWTYZ0eZUifiRnmq7I7gNwDM%2Bld2HYSHcUCa1%2Bkg%3D%3D","environmentVariables":{"DATA_URL":"mongodb+srv://james10:james10@cluster0.wvybl.mongodb.net/","FIREBASE_CONFIG":"{\"projectId\":\"board-game-backend\",\"storageBucket\":\"board-game-backend.firebasestorage.app\"}","GCLOUD_PROJECT":"board-game-backend","EVENTARC_CLOUD_EVENT_SOURCE":"projects/board-game-backend/locations/us-central1/functions/api"},"runtime":"nodejs22","buildId":"f58fb37e-13a1-445f-ad64-dbb9ab3e9551","buildEnvironmentVariables":{"GOOGLE_NODE_RUN_SCRIPTS":""},"buildName":"projects/412384790369/locations/us-central1/builds/f58fb37e-13a1-445f-ad64-dbb9ab3e9551","dockerRegistry":"ARTIFACT_REGISTRY","automaticUpdatePolicy":{},"buildServiceAccount":"projects/board-game-backend/serviceAccounts/412384790369-compute@developer.gserviceaccount.com"},"versionId":"12","updateTime":"2025-03-21T13:03:03Z"}}
[debug] [2025-03-21T13:03:04.987Z] [update-default-us-central1-api] Retrying task index 0
[debug] [2025-03-21T13:03:04.988Z] Checked if tokens are valid: true, expires at: 1742565144275
[debug] [2025-03-21T13:03:04.988Z] Checked if tokens are valid: true, expires at: 1742565144275
[debug] [2025-03-21T13:03:04.988Z] >>> [apiv2][query] GET https://cloudfunctions.googleapis.com/v1/operations/Ym9hcmQtZ2FtZS1iYWNrZW5kL3VzLWNlbnRyYWwxL2FwaS8taWJBZjREdDRtdw [none]
[debug] [2025-03-21T13:03:05.179Z] <<< [apiv2][status] GET https://cloudfunctions.googleapis.com/v1/operations/Ym9hcmQtZ2FtZS1iYWNrZW5kL3VzLWNlbnRyYWwxL2FwaS8taWJBZjREdDRtdw 200
[debug] [2025-03-21T13:03:05.179Z] <<< [apiv2][body] GET https://cloudfunctions.googleapis.com/v1/operations/Ym9hcmQtZ2FtZS1iYWNrZW5kL3VzLWNlbnRyYWwxL2FwaS8taWJBZjREdDRtdw {"name":"operations/Ym9hcmQtZ2FtZS1iYWNrZW5kL3VzLWNlbnRyYWwxL2FwaS8taWJBZjREdDRtdw","metadata":{"@type":"type.googleapis.com/google.cloud.functions.v1.OperationMetadataV1","target":"projects/board-game-backend/locations/us-central1/functions/api","type":"UPDATE_FUNCTION","request":{"@type":"type.googleapis.com/google.cloud.functions.v1.CloudFunction","name":"projects/board-game-backend/locations/us-central1/functions/api","httpsTrigger":{"url":"https://us-central1-board-game-backend.cloudfunctions.net/api","securityLevel":"SECURE_ALWAYS"},"status":"ACTIVE","entryPoint":"api","updateTime":"2025-03-21T12:54:58.128Z","versionId":"11","labels":{"deployment-tool":"cli-firebase","firebase-functions-hash":"59bf22131c532db9b9e4fa4f28dd622cfb6b2474"},"sourceUploadUrl":"https://storage.googleapis.com/uploads-261802401513.us-central1.cloudfunctions.appspot.com/e3c51180-dc7c-414d-8b1a-18daacc0e3a3.zip?GoogleAccessId=service-412384790369@gcf-admin-robot.iam.gserviceaccount.com&Expires=1742563981&Signature=N1XhefVC3R%2FNm4VaPDhnX%2BS6cGH11xY92TfCdpO4cLWhm26rXiu9A0fLZPKNcQWP%2FQ2dLAbnArtEFOrtRWEN6F7egmgiiP0bFWVHzUG9mPq9VZdx%2BQmSGs69MqX3%2FMHLARleJBbd24KZIULu6C4Nz9zhwgcOOThcflEjekMgvKaGMgT95OZZVZETu5YrBX9w8jmHUiRtl7%2FxbstogWhLMPGuR7FV5Fi9jcWFaeXwoSI52cTg6SH6K5MKtpdh0K4C34Q8lehXwfkwIFqYk4wpPpwGcrVSzM5G8njLS%2Fd2JlgNQyjWTYZ0eZUifiRnmq7I7gNwDM%2Bld2HYSHcUCa1%2Bkg%3D%3D","environmentVariables":{"DATA_URL":"mongodb+srv://james10:james10@cluster0.wvybl.mongodb.net/","FIREBASE_CONFIG":"{\"projectId\":\"board-game-backend\",\"storageBucket\":\"board-game-backend.firebasestorage.app\"}","GCLOUD_PROJECT":"board-game-backend","EVENTARC_CLOUD_EVENT_SOURCE":"projects/board-game-backend/locations/us-central1/functions/api"},"runtime":"nodejs22","buildId":"f58fb37e-13a1-445f-ad64-dbb9ab3e9551","buildEnvironmentVariables":{"GOOGLE_NODE_RUN_SCRIPTS":""},"buildName":"projects/412384790369/locations/us-central1/builds/f58fb37e-13a1-445f-ad64-dbb9ab3e9551","dockerRegistry":"ARTIFACT_REGISTRY","automaticUpdatePolicy":{},"buildServiceAccount":"projects/board-game-backend/serviceAccounts/412384790369-compute@developer.gserviceaccount.com"},"versionId":"12","updateTime":"2025-03-21T13:03:03Z","buildId":"24f1e3f6-904d-43bf-9629-6503e5345327","buildName":"projects/412384790369/locations/us-central1/builds/24f1e3f6-904d-43bf-9629-6503e5345327"}}
[debug] [2025-03-21T13:03:07.180Z] [update-default-us-central1-api] Retrying task index 0
[debug] [2025-03-21T13:03:07.181Z] Checked if tokens are valid: true, expires at: 1742565144275
[debug] [2025-03-21T13:03:07.181Z] Checked if tokens are valid: true, expires at: 1742565144275
[debug] [2025-03-21T13:03:07.181Z] >>> [apiv2][query] GET https://cloudfunctions.googleapis.com/v1/operations/Ym9hcmQtZ2FtZS1iYWNrZW5kL3VzLWNlbnRyYWwxL2FwaS8taWJBZjREdDRtdw [none]
[debug] [2025-03-21T13:03:07.595Z] <<< [apiv2][status] GET https://cloudfunctions.googleapis.com/v1/operations/Ym9hcmQtZ2FtZS1iYWNrZW5kL3VzLWNlbnRyYWwxL2FwaS8taWJBZjREdDRtdw 200
[debug] [2025-03-21T13:03:07.595Z] <<< [apiv2][body] GET https://cloudfunctions.googleapis.com/v1/operations/Ym9hcmQtZ2FtZS1iYWNrZW5kL3VzLWNlbnRyYWwxL2FwaS8taWJBZjREdDRtdw {"name":"operations/Ym9hcmQtZ2FtZS1iYWNrZW5kL3VzLWNlbnRyYWwxL2FwaS8taWJBZjREdDRtdw","metadata":{"@type":"type.googleapis.com/google.cloud.functions.v1.OperationMetadataV1","target":"projects/board-game-backend/locations/us-central1/functions/api","type":"UPDATE_FUNCTION","request":{"@type":"type.googleapis.com/google.cloud.functions.v1.CloudFunction","name":"projects/board-game-backend/locations/us-central1/functions/api","httpsTrigger":{"url":"https://us-central1-board-game-backend.cloudfunctions.net/api","securityLevel":"SECURE_ALWAYS"},"status":"ACTIVE","entryPoint":"api","updateTime":"2025-03-21T12:54:58.128Z","versionId":"11","labels":{"deployment-tool":"cli-firebase","firebase-functions-hash":"59bf22131c532db9b9e4fa4f28dd622cfb6b2474"},"sourceUploadUrl":"https://storage.googleapis.com/uploads-261802401513.us-central1.cloudfunctions.appspot.com/e3c51180-dc7c-414d-8b1a-18daacc0e3a3.zip?GoogleAccessId=service-412384790369@gcf-admin-robot.iam.gserviceaccount.com&Expires=1742563981&Signature=N1XhefVC3R%2FNm4VaPDhnX%2BS6cGH11xY92TfCdpO4cLWhm26rXiu9A0fLZPKNcQWP%2FQ2dLAbnArtEFOrtRWEN6F7egmgiiP0bFWVHzUG9mPq9VZdx%2BQmSGs69MqX3%2FMHLARleJBbd24KZIULu6C4Nz9zhwgcOOThcflEjekMgvKaGMgT95OZZVZETu5YrBX9w8jmHUiRtl7%2FxbstogWhLMPGuR7FV5Fi9jcWFaeXwoSI52cTg6SH6K5MKtpdh0K4C34Q8lehXwfkwIFqYk4wpPpwGcrVSzM5G8njLS%2Fd2JlgNQyjWTYZ0eZUifiRnmq7I7gNwDM%2Bld2HYSHcUCa1%2Bkg%3D%3D","environmentVariables":{"DATA_URL":"mongodb+srv://james10:james10@cluster0.wvybl.mongodb.net/","FIREBASE_CONFIG":"{\"projectId\":\"board-game-backend\",\"storageBucket\":\"board-game-backend.firebasestorage.app\"}","GCLOUD_PROJECT":"board-game-backend","EVENTARC_CLOUD_EVENT_SOURCE":"projects/board-game-backend/locations/us-central1/functions/api"},"runtime":"nodejs22","buildId":"f58fb37e-13a1-445f-ad64-dbb9ab3e9551","buildEnvironmentVariables":{"GOOGLE_NODE_RUN_SCRIPTS":""},"buildName":"projects/412384790369/locations/us-central1/builds/f58fb37e-13a1-445f-ad64-dbb9ab3e9551","dockerRegistry":"ARTIFACT_REGISTRY","automaticUpdatePolicy":{},"buildServiceAccount":"projects/board-game-backend/serviceAccounts/412384790369-compute@developer.gserviceaccount.com"},"versionId":"12","updateTime":"2025-03-21T13:03:03Z","buildId":"24f1e3f6-904d-43bf-9629-6503e5345327","buildName":"projects/412384790369/locations/us-central1/builds/24f1e3f6-904d-43bf-9629-6503e5345327"}}
[debug] [2025-03-21T13:03:11.597Z] [update-default-us-central1-api] Retrying task index 0
[debug] [2025-03-21T13:03:11.597Z] Checked if tokens are valid: true, expires at: 1742565144275
[debug] [2025-03-21T13:03:11.597Z] Checked if tokens are valid: true, expires at: 1742565144275
[debug] [2025-03-21T13:03:11.597Z] >>> [apiv2][query] GET https://cloudfunctions.googleapis.com/v1/operations/Ym9hcmQtZ2FtZS1iYWNrZW5kL3VzLWNlbnRyYWwxL2FwaS8taWJBZjREdDRtdw [none]
[debug] [2025-03-21T13:03:11.779Z] <<< [apiv2][status] GET https://cloudfunctions.googleapis.com/v1/operations/Ym9hcmQtZ2FtZS1iYWNrZW5kL3VzLWNlbnRyYWwxL2FwaS8taWJBZjREdDRtdw 200
[debug] [2025-03-21T13:03:11.779Z] <<< [apiv2][body] GET https://cloudfunctions.googleapis.com/v1/operations/Ym9hcmQtZ2FtZS1iYWNrZW5kL3VzLWNlbnRyYWwxL2FwaS8taWJBZjREdDRtdw {"name":"operations/Ym9hcmQtZ2FtZS1iYWNrZW5kL3VzLWNlbnRyYWwxL2FwaS8taWJBZjREdDRtdw","metadata":{"@type":"type.googleapis.com/google.cloud.functions.v1.OperationMetadataV1","target":"projects/board-game-backend/locations/us-central1/functions/api","type":"UPDATE_FUNCTION","request":{"@type":"type.googleapis.com/google.cloud.functions.v1.CloudFunction","name":"projects/board-game-backend/locations/us-central1/functions/api","httpsTrigger":{"url":"https://us-central1-board-game-backend.cloudfunctions.net/api","securityLevel":"SECURE_ALWAYS"},"status":"ACTIVE","entryPoint":"api","updateTime":"2025-03-21T12:54:58.128Z","versionId":"11","labels":{"deployment-tool":"cli-firebase","firebase-functions-hash":"59bf22131c532db9b9e4fa4f28dd622cfb6b2474"},"sourceUploadUrl":"https://storage.googleapis.com/uploads-261802401513.us-central1.cloudfunctions.appspot.com/e3c51180-dc7c-414d-8b1a-18daacc0e3a3.zip?GoogleAccessId=service-412384790369@gcf-admin-robot.iam.gserviceaccount.com&Expires=1742563981&Signature=N1XhefVC3R%2FNm4VaPDhnX%2BS6cGH11xY92TfCdpO4cLWhm26rXiu9A0fLZPKNcQWP%2FQ2dLAbnArtEFOrtRWEN6F7egmgiiP0bFWVHzUG9mPq9VZdx%2BQmSGs69MqX3%2FMHLARleJBbd24KZIULu6C4Nz9zhwgcOOThcflEjekMgvKaGMgT95OZZVZETu5YrBX9w8jmHUiRtl7%2FxbstogWhLMPGuR7FV5Fi9jcWFaeXwoSI52cTg6SH6K5MKtpdh0K4C34Q8lehXwfkwIFqYk4wpPpwGcrVSzM5G8njLS%2Fd2JlgNQyjWTYZ0eZUifiRnmq7I7gNwDM%2Bld2HYSHcUCa1%2Bkg%3D%3D","environmentVariables":{"DATA_URL":"mongodb+srv://james10:james10@cluster0.wvybl.mongodb.net/","FIREBASE_CONFIG":"{\"projectId\":\"board-game-backend\",\"storageBucket\":\"board-game-backend.firebasestorage.app\"}","GCLOUD_PROJECT":"board-game-backend","EVENTARC_CLOUD_EVENT_SOURCE":"projects/board-game-backend/locations/us-central1/functions/api"},"runtime":"nodejs22","buildId":"f58fb37e-13a1-445f-ad64-dbb9ab3e9551","buildEnvironmentVariables":{"GOOGLE_NODE_RUN_SCRIPTS":""},"buildName":"projects/412384790369/locations/us-central1/builds/f58fb37e-13a1-445f-ad64-dbb9ab3e9551","dockerRegistry":"ARTIFACT_REGISTRY","automaticUpdatePolicy":{},"buildServiceAccount":"projects/board-game-backend/serviceAccounts/412384790369-compute@developer.gserviceaccount.com"},"versionId":"12","updateTime":"2025-03-21T13:03:03Z","buildId":"24f1e3f6-904d-43bf-9629-6503e5345327","buildName":"projects/412384790369/locations/us-central1/builds/24f1e3f6-904d-43bf-9629-6503e5345327"}}
